2018-01-12 14:06:35 INFO [com.xiangshangban.att_simple.AttSimple]: 启动成功
  2018-01-12 14:47:03 INFO [com.xiangshangban.att_simple.AttSimple]: 启动成功
  2018-01-12 15:09:09 INFO [com.xiangshangban.att_simple.AttSimple]: 启动成功
  2018-01-12 15:13:13 INFO [com.xiangshangban.att_simple.AttSimple]: 启动成功
  2018-01-12 15:14:50 INFO [com.xiangshangban.att_simple.AttSimple]: 启动成功
  2018-01-12 15:16:58 INFO [com.xiangshangban.att_simple.AttSimple]: 启动成功
  2018-01-12 15:22:25 INFO [com.xiangshangban.att_simple.AttSimple]: 启动成功
  2018-01-12 15:26:29 INFO [com.xiangshangban.att_simple.AttSimple]: 启动成功
  2018-01-12 15:27:33 INFO [com.xiangshangban.att_simple.AttSimple]: 启动成功
  2018-01-12 15:30:22 INFO [com.xiangshangban.att_simple.AttSimple]: 启动成功
  2018-01-12 15:49:08 INFO [com.xiangshangban.att_simple.AttSimple]: 启动成功
  2018-01-12 17:22:38 INFO [com.xiangshangban.att_simple.AttSimple]: 启动成功
  2018-01-12 17:33:00 INFO [com.xiangshangban.att_simple.AttSimple]: 启动成功
  2018-01-12 17:33:12 INFO [com.xiangshangban.att_simple.service.ApplicationServiceImpl]: org.springframework.dao.DataIntegrityViolationException: 
### Error updating database.  Cause: org.postgresql.util.PSQLException: ERROR: null value in column "id" violates not-null constraint
  详细：Failing row contains (null, null, value, null).
### The error may involve com.xiangshangban.att_simple.dao.ApplicationToCopyPersonMapper.insertSelective-Inline
### The error occurred while setting parameters
### SQL: insert into application_to_copy_person_      ( copy_person_id )       values ( ? )
### Cause: org.postgresql.util.PSQLException: ERROR: null value in column "id" violates not-null constraint
  详细：Failing row contains (null, null, value, null).
; SQL []; ERROR: null value in column "id" violates not-null constraint
  详细：Failing row contains (null, null, value, null).; nested exception is org.postgresql.util.PSQLException: ERROR: null value in column "id" violates not-null constraint
  详细：Failing row contains (null, null, value, null).
  2018-01-12 17:37:17 INFO [com.xiangshangban.att_simple.AttSimple]: 启动成功
  2018-01-12 17:37:22 INFO [com.xiangshangban.att_simple.service.ApplicationServiceImpl]: org.springframework.dao.DataIntegrityViolationException: 
### Error updating database.  Cause: org.postgresql.util.PSQLException: ERROR: null value in column "application_no" violates not-null constraint
  详细：Failing row contains (1C4FC3CDE132495C935BB2B28FA4A029, null, A12A22C1BCBF44C8831CA86C396FFA6C, null).
### The error may involve com.xiangshangban.att_simple.dao.ApplicationToCopyPersonMapper.insertSelective-Inline
### The error occurred while setting parameters
### SQL: insert into application_to_copy_person_      ( id,                              copy_person_id )       values ( ?,                              ? )
### Cause: org.postgresql.util.PSQLException: ERROR: null value in column "application_no" violates not-null constraint
  详细：Failing row contains (1C4FC3CDE132495C935BB2B28FA4A029, null, A12A22C1BCBF44C8831CA86C396FFA6C, null).
; SQL []; ERROR: null value in column "application_no" violates not-null constraint
  详细：Failing row contains (1C4FC3CDE132495C935BB2B28FA4A029, null, A12A22C1BCBF44C8831CA86C396FFA6C, null).; nested exception is org.postgresql.util.PSQLException: ERROR: null value in column "application_no" violates not-null constraint
  详细：Failing row contains (1C4FC3CDE132495C935BB2B28FA4A029, null, A12A22C1BCBF44C8831CA86C396FFA6C, null).
  2018-01-12 17:38:56 INFO [com.xiangshangban.att_simple.AttSimple]: 启动成功
  